生成启动时间为 2022/3/21 17:36:10。
     1>项目“D:\可视化\稳定匹配\稳定匹配\稳定匹配.vcxproj”在节点 2 上(build 个目标)。
     1>PrepareForBuild:
         正在创建目录“D:\可视化\稳定匹配\Debug\”。
       InitializeBuildStatus:
         正在创建“Debug\稳定匹配.unsuccessfulbuild”，因为已指定“AlwaysCreate”。
       ClCompile:
         d:\Program Files (x86)\Microsoft Visual Studio 10.0\VC\bin\CL.exe /c /ZI /nologo /W3 /WX- /Od /Oy- /D WIN32 /D _DEBUG /D _CONSOLE /D _UNICODE /D UNICODE /Gm /EHsc /RTC1 /MDd /GS /fp:precise /Zc:wchar_t /Zc:forScope /Fo"Debug\\" /Fd"Debug\vc100.pdb" /Gd /TP /analyze- /errorReport:prompt hhh.cpp
         hhh.cpp
       ManifestResourceCompile:
         C:\Program Files (x86)\Microsoft SDKs\Windows\v7.0A\bin\rc.exe /nologo /fo"Debug\稳定匹配.exe.embed.manifest.res" "Debug\稳定匹配_manifest.rc" 
       Link:
         d:\Program Files (x86)\Microsoft Visual Studio 10.0\VC\bin\link.exe /ERRORREPORT:PROMPT /OUT:"D:\可视化\稳定匹配\Debug\稳定匹配.exe" /INCREMENTAL /NOLOGO kernel32.lib user32.lib gdi32.lib winspool.lib comdlg32.lib advapi32.lib shell32.lib ole32.lib oleaut32.lib uuid.lib odbc32.lib odbccp32.lib /MANIFEST /ManifestFile:"Debug\稳定匹配.exe.intermediate.manifest" /MANIFESTUAC:"level='asInvoker' uiAccess='false'" /DEBUG /PDB:"D:\可视化\稳定匹配\Debug\稳定匹配.pdb" /SUBSYSTEM:CONSOLE /TLBID:1 /DYNAMICBASE /NXCOMPAT /IMPLIB:"D:\可视化\稳定匹配\Debug\稳定匹配.lib" /MACHINE:X86 "Debug\稳定匹配.exe.embed.manifest.res"
         Debug\hhh.obj
       Manifest:
         C:\Program Files (x86)\Microsoft SDKs\Windows\v7.0A\bin\mt.exe /nologo /verbose /out:"Debug\稳定匹配.exe.embed.manifest" /manifest "Debug\稳定匹配.exe.intermediate.manifest"
         C:\Program Files (x86)\Microsoft SDKs\Windows\v7.0A\bin\rc.exe /nologo /fo"Debug\稳定匹配.exe.embed.manifest.res" "Debug\稳定匹配_manifest.rc" 
       LinkEmbedManifest:
         d:\Program Files (x86)\Microsoft Visual Studio 10.0\VC\bin\link.exe /ERRORREPORT:PROMPT /OUT:"D:\可视化\稳定匹配\Debug\稳定匹配.exe" /INCREMENTAL /NOLOGO kernel32.lib user32.lib gdi32.lib winspool.lib comdlg32.lib advapi32.lib shell32.lib ole32.lib oleaut32.lib uuid.lib odbc32.lib odbccp32.lib /MANIFEST /ManifestFile:"Debug\稳定匹配.exe.intermediate.manifest" /MANIFESTUAC:"level='asInvoker' uiAccess='false'" /DEBUG /PDB:"D:\可视化\稳定匹配\Debug\稳定匹配.pdb" /SUBSYSTEM:CONSOLE /TLBID:1 /DYNAMICBASE /NXCOMPAT /IMPLIB:"D:\可视化\稳定匹配\Debug\稳定匹配.lib" /MACHINE:X86 "Debug\稳定匹配.exe.embed.manifest.res"
         Debug\hhh.obj
         稳定匹配.vcxproj -> D:\可视化\稳定匹配\Debug\稳定匹配.exe
       FinalizeBuildStatus:
         正在删除文件“Debug\稳定匹配.unsuccessfulbuild”。
         正在对“Debug\稳定匹配.lastbuildstate”执行 Touch 任务。
     1>已完成生成项目“D:\可视化\稳定匹配\稳定匹配\稳定匹配.vcxproj”(build 个目标)的操作。

生成成功。

已用时间 00:00:01.62
